[2025-06-08T04:04:49.690Z] INFO: Request: POST /api/user/login
[2025-06-08T04:12:09.152Z] INFO: Request: GET /api/user/auth/verify
[2025-06-08T04:12:09.603Z] INFO: Request: GET /api/user/get-user/1
[2025-06-08T04:12:09.697Z] INFO: Request: GET /api/user/auth/verify
[2025-06-08T04:12:09.715Z] INFO: Request: GET /api/user/auth/verify
[2025-06-08T04:12:10.471Z] INFO: Request: GET /api/user/auth/verify
[2025-06-08T04:19:45.783Z] INFO: Request: POST /api/user/login
[2025-06-08T04:19:52.043Z] INFO: Request: GET /api/user/auth/verify
[2025-06-08T04:19:52.055Z] INFO: Request: GET /api/user/auth/verify
[2025-06-08T04:19:52.324Z] INFO: Request: GET /api/user/auth/verify
[2025-06-08T04:19:52.347Z] INFO: Request: GET /api/user/get-user/1
[2025-06-08T04:20:34.591Z] INFO: Request: GET /api/user/auth/logout/1
[2025-06-08T04:21:10.394Z] INFO: Request: POST /api/user/login
[2025-06-08T04:21:55.507Z] INFO: Request: POST /api/user/login
[2025-06-08T04:22:01.684Z] INFO: Request: GET /api/user/auth/verify
[2025-06-08T04:22:01.693Z] INFO: Request: GET /api/user/auth/verify
[2025-06-08T04:22:01.846Z] INFO: Request: GET /api/user/auth/verify
[2025-06-08T04:22:01.856Z] INFO: Request: GET /api/user/get-user/4
[2025-06-08T04:22:55.945Z] INFO: Request: GET /api/user/auth/logout/4
[2025-06-08T04:51:09.330Z] INFO: Request: POST /api/user/login
[2025-06-08T04:53:21.158Z] INFO: Request: GET /api/user/auth/verify
[2025-06-08T04:53:21.171Z] INFO: Request: GET /api/user/get-user/1
[2025-06-08T04:53:21.467Z] INFO: Request: GET /api/user/auth/verify
[2025-06-08T04:53:21.478Z] INFO: Request: GET /api/user/auth/verify
[2025-06-08T04:53:21.773Z] INFO: Request: GET /api/user/auth/verify
[2025-06-08T04:55:23.589Z] INFO: Request: POST /api/user/login
[2025-06-08T04:55:30.720Z] INFO: Request: GET /api/user/auth/verify
[2025-06-08T04:55:30.729Z] INFO: Request: GET /api/user/auth/verify
[2025-06-08T04:55:31.066Z] INFO: Request: GET /api/user/auth/verify
[2025-06-08T04:55:31.090Z] INFO: Request: GET /api/user/get-user/1
[2025-06-08T04:55:39.890Z] INFO: Request: POST /api/user/login
[2025-06-08T05:50:28.214Z] INFO: Request: POST /api/user/login
[2025-06-08T05:50:36.014Z] INFO: Request: GET /api/user/auth/verify
[2025-06-08T05:50:36.022Z] INFO: Request: GET /api/user/auth/verify
[2025-06-08T05:50:36.194Z] INFO: Request: GET /api/user/auth/verify
[2025-06-08T05:50:36.541Z] INFO: Request: GET /api/user/auth/verify
[2025-06-08T05:50:36.572Z] INFO: Request: GET /api/user/get-user/4
[2025-06-08T05:50:36.687Z] INFO: Request: GET /api/user/auth/verify
[2025-06-08T05:50:36.717Z] INFO: Request: GET /api/user/get-user/1
[2025-06-08T05:50:55.632Z] INFO: Request: GET /api/user/auth/verify
[2025-06-08T05:51:01.929Z] INFO: Request: GET /api/user/auth/verify
[2025-06-08T05:51:09.685Z] INFO: Request: GET /api/user/auth/verify
[2025-06-08T05:51:09.691Z] INFO: Request: GET /api/user/auth/verify
[2025-06-08T05:51:18.029Z] INFO: Request: GET /api/user/auth/verify
[2025-06-08T05:53:24.660Z] INFO: Request: GET /api/user/auth/verify
[2025-06-08T05:53:28.609Z] INFO: Request: GET /api/user/auth/verify
[2025-06-08T05:53:30.703Z] INFO: Request: GET /api/user/auth/verify
[2025-06-08T05:53:33.315Z] INFO: Request: GET /api/user/auth/verify
[2025-06-08T05:53:45.792Z] INFO: Request: GET /api/user/auth/verify
[2025-06-08T07:52:15.622Z] INFO: Request: GET /api/user/auth/verify
[2025-06-08T07:52:15.639Z] INFO: Request: GET /api/user/get-user/4
[2025-06-08T13:00:43.820Z] INFO: Request: GET /api/user/auth/verify
[2025-06-08T13:00:43.930Z] INFO: Request: GET /api/user/get-user/4
[2025-06-08T13:00:57.798Z] INFO: Request: GET /api/user/auth/verify
[2025-06-08T13:00:57.924Z] INFO: Request: GET /api/user/auth/verify
[2025-06-08T13:01:24.022Z] INFO: Request: GET /api/user/auth/verify
[2025-06-08T13:02:14.087Z] INFO: Request: GET /api/bank-account/2
[2025-06-08T13:29:49.862Z] INFO: Request: GET /api/user/auth/verify
[2025-06-08T13:29:49.890Z] INFO: Request: GET /api/user/auth/verify
[2025-06-08T13:37:43.879Z] INFO: Request: GET /api/user/auth/verify
[2025-06-08T13:40:29.559Z] INFO: Request: GET /api/user/auth/verify
[2025-06-08T13:40:29.571Z] INFO: Request: GET /api/user/get-user/4
[2025-06-08T13:41:04.462Z] INFO: Request: GET /api/user/auth/verify
[2025-06-08T13:41:04.474Z] INFO: Request: GET /api/user/get-user/4
[2025-06-08T13:42:27.342Z] INFO: Request: GET /api/user/auth/verify
[2025-06-08T13:42:27.351Z] INFO: Request: GET /api/user/get-user/4
[2025-06-08T19:19:31.970Z] INFO: Request: GET /api/user/auth/verify
[2025-06-08T19:19:32.040Z] INFO: Request: GET /api/user/get-user/4
[2025-06-08T19:19:37.456Z] INFO: Request: GET /api/user/auth/verify
[2025-06-08T19:19:37.596Z] INFO: Request: GET /api/user/auth/verify
[2025-06-08T19:19:44.850Z] INFO: Request: GET /api/user/auth/verify
[2025-06-08T19:19:48.839Z] INFO: Request: GET /api/user/auth/verify
[2025-06-08T19:19:48.877Z] INFO: Request: GET /api/user/auth/verify
[2025-06-09T23:49:44.245Z] INFO: Request: POST /api/user/login
[2025-06-09T23:51:35.180Z] INFO: Request: POST /api/user/login
[2025-06-09T23:52:17.032Z] INFO: Request: GET /api/user/auth/verify
[2025-06-09T23:52:17.044Z] INFO: Request: GET /api/user/auth/verify
[2025-06-09T23:52:17.333Z] INFO: Request: GET /api/user/auth/verify
[2025-06-09T23:52:17.352Z] INFO: Request: GET /api/user/get-user/1
[2025-06-09T23:54:22.294Z] INFO: Request: GET /api/user/auth/verify
[2025-06-09T23:54:22.957Z] INFO: Request: GET /api/user/auth/verify
[2025-06-09T23:54:22.988Z] INFO: Request: GET /api/user/get-user/1
[2025-06-10T00:00:22.840Z] INFO: Request: GET /api/user/auth/verify
[2025-06-10T00:00:23.192Z] INFO: Request: GET /api/user/auth/verify
[2025-06-10T00:00:23.212Z] INFO: Request: GET /api/user/get-user/1
[2025-06-10T01:57:53.357Z] INFO: Request: GET /api/user/auth/verify
